
Log started (V22.1.1.0) Sun Sep 10 12:26:43 2023


Problem 't2.lp' read.
Read time = 1.02 sec. (69.66 ticks)
Version identifier: 22.1.1.0 | 2022-11-28 | 9160aff4d
Tried aggregator 3 times.
MIP Presolve eliminated 519122 rows and 123492 columns.
MIP Presolve modified 1035 coefficients.
Aggregator did 32596 substitutions.
Reduced MIP has 164907 rows, 145161 columns, and 417796 nonzeros.
Reduced MIP has 22357 binaries, 0 generals, 0 SOSs, and 0 indicators.
Presolve time = 1.01 sec. (797.12 ticks)
Found incumbent of value 511.756794 after 1.76 sec. (1378.82 ticks)
Probing fixed 0 vars, tightened 44463 bounds.
Probing time = 0.39 sec. (492.56 ticks)
Tried aggregator 2 times.
Detecting symmetries...
MIP Presolve modified 66678 coefficients.
Aggregator did 1445 substitutions.
Reduced MIP has 163462 rows, 143716 columns, and 416125 nonzeros.
Reduced MIP has 22357 binaries, 0 generals, 0 SOSs, and 0 indicators.
Presolve time = 0.67 sec. (317.96 ticks)
Probing time = 0.10 sec. (15.36 ticks)
Clique table members: 481.
MIP emphasis: balance optimality and feasibility.
MIP search method: dynamic search.
Parallel mode: deterministic, using up to 4 threads.
Root relaxation solution time = 6.45 sec. (4663.19 ticks)

        Nodes                                         Cuts/
   Node  Left     Objective  IInf  Best Integer    Best Bound    ItCnt     Gap

*     0+    0                          511.7568     -832.5568           262.69%
      0     0      150.9354   129      511.7568      150.9354    44901   70.51%
      0     0      165.7352   131      511.7568    Cuts: 1563    48450   67.61%
      0     0      171.6513   151      511.7568     Cuts: 506    50719   66.46%
      0     0      172.3195   176      511.7568     Cuts: 271    51664   66.33%
      0     0      172.5367   174      511.7568     Cuts: 173    52539   66.29%
      0     0      172.7710   190      511.7568     Cuts: 152    53444   66.24%
Detecting symmetries...
      0     0      172.8864   184      511.7568     Cuts: 163    54122   66.22%
      0     0      172.9898   196      511.7568     Cuts: 227    55018   66.20%
      0     0      173.0484   210      511.7568     Cuts: 150    55683   66.19%
      0     0      173.1128   190      511.7568     Cuts: 137    56288   66.17%
      0     0      173.1613   213      511.7568     Cuts: 134    56896   66.16%
      0     0      173.1946   217      511.7568     Cuts: 217    57700   66.16%
      0     0      173.2198   218      511.7568     Cuts: 200    58707   66.15%
*     0+    0                          180.9748      173.2198             4.29%
      0     0      173.3006   207      180.9748     Cuts: 250    59472    4.24%
      0     0      173.3279   212      180.9748     Cuts: 196    59910    4.23%
      0     0      173.3403   211      180.9748     Cuts: 158    60780    4.22%
      0     0      173.3737   206      180.9748     Cuts: 156    62274    4.20%
*     0+    0                          180.9748      173.3737             4.20%
      0     0      173.3806   211      180.9748     Cuts: 778    65021    4.20%
Heuristic still looking.
Heuristic still looking.
Detecting symmetries...
      0     2      173.3806   211      180.9748      173.3806    65021    4.20%
Elapsed time = 228.58 sec. (131743.85 ticks, tree = 0.02 MB, solutions = 3)
      1     3      174.4710   200      180.9748      173.3835    67835    4.19%
      2     3      174.0314   196      180.9748      173.3835    67484    4.19%
      3     4      174.5112   198      180.9748      173.3835    67836    4.19%
      5     5      174.0770   195      180.9748      174.0535    70413    3.82%
      6     6      174.9687   184      180.9748      174.0535    71825    3.82%
      8     7      175.8103   174      180.9748      174.0715    72669    3.81%
      9    11      175.9061   164      180.9748      174.0770    77193    3.81%
     11    12      176.0571   140      180.9748      174.0770    77415    3.81%
     12    10      175.2219   151      180.9748      174.0770    73951    3.81%
     16     8      174.5748   183      180.9748      174.0770    73452    3.81%
Elapsed time = 260.40 sec. (144745.70 ticks, tree = 0.07 MB, solutions = 3)
     21    21      176.6094   148      180.9748      174.0770    84885    3.81%
     25    23      176.0824   149      180.9748      174.0770    86289    3.81%
     29    26      177.0048   139      180.9748      174.0770    88008    3.81%
     34    30      176.8407   139      180.9748      174.0770    91037    3.81%
     40    35      175.9150   131      180.9748      174.0770    93792    3.81%
     44    39      177.7509   123      180.9748      174.0770    95827    3.81%
     51    41      178.0672   124      180.9748      174.0770    98269    3.81%
     60    52      177.0753   116      180.9748      174.0770   100889    3.81%
     66    55      178.5725   119      180.9748      174.0770   102176    3.81%
     69    52      178.4022   126      180.9748      174.0770   103737    3.81%
Elapsed time = 292.24 sec. (156523.60 ticks, tree = 1.58 MB, solutions = 3)
     74    63      177.1920   111      180.9748      174.0770   109700    3.81%
     78    74      177.3147   116      180.9748      174.0770   115779    3.81%
     82    79      177.3211   116      180.9748      174.0770   120757    3.81%
     89    85      177.4103   109      180.9748      174.0770   124531    3.81%
     93    90      177.4448   118      180.9748      174.0770   128345    3.81%
    101    89      177.2352   119      180.9748      174.0770   127526    3.81%
    116    92      177.2545   113      180.9748      174.0770   128525    3.81%
    128   104      177.6140    95      180.9748      174.0770   135344    3.81%
    140   116      177.7713   104      180.9748      174.0770   142782    3.81%
    154   120      179.9873    97      180.9748      174.0770   144293    3.81%
Elapsed time = 320.97 sec. (167425.28 ticks, tree = 3.80 MB, solutions = 3)
    169   125      178.1353    94      180.9748      174.0770   145625    3.81%
    183   148      178.2720    72      180.9748      174.0770   151908    3.81%
    197   153      179.2278    77      180.9748      174.0770   153212    3.81%
    208   165      180.3140    87      180.9748      174.0770   157232    3.81%
    219   179      178.7442    81      180.9748      174.0770   160954    3.81%
    223   196      178.8716    79      180.9748      174.0770   165757    3.81%
    230   207      178.4886    66      180.9748      174.0770   169540    3.81%
    241   211      180.2495    68      180.9748      174.0770   170927    3.81%
    251   224      179.2027    76      180.9748      174.0770   174119    3.81%
    267   237      179.1366    71      180.9748      174.0770   176976    3.81%
Elapsed time = 347.54 sec. (177577.26 ticks, tree = 9.54 MB, solutions = 3)
    283   237      180.1831    61      180.9748      174.0770   176725    3.81%
    296   265      179.7865    69      180.9748      174.0770   185045    3.81%
    310   270        cutoff            180.9748      174.0770   186325    3.81%
    318   241      180.2067    55      180.9748      174.0770   177185    3.81%
    339   264      179.1898    40      180.9748      174.0770   183645    3.81%
    359   288      180.5185    46      180.9748      174.0770   189493    3.81%
    373   306      180.2592    42      180.9748      174.0770   193514    3.81%
    392   304      180.8629    32      180.9748      174.0770   189918    3.81%
*   407+  311                          180.9662      174.0770             3.81%
    416   318      179.8712    33      180.9662      174.0770   195391    3.81%
*   417+  311                          180.9662      174.0770             3.81%
    427   338      180.0834    40      180.9662      174.0770   199779    3.81%
Elapsed time = 372.28 sec. (187860.78 ticks, tree = 14.75 MB, solutions = 5)
    434   345      180.9080    40      180.9662      174.0770   201569    3.81%
*   438+  317                          180.7670      174.0770             3.70%
    444   351      180.5992    27      180.7670      174.0770   202088    3.70%
    457   358      179.9157    29      180.7670      174.0770   204712    3.70%
*   458+  355                          180.7651      174.0770             3.70%
    459   385      180.4077    31      180.7651      174.0770   207352    3.70%
    477   393      180.5417    20      180.7651      174.0770   208458    3.70%
*   486+  392                          180.7639      174.0770             3.70%
    488   378      180.6306    12      180.7639      174.0770   205838    3.70%
    494   420      180.6655     8      180.7639      174.0770   211668    3.70%
    509   427      180.7583     3      180.7639      174.0770   212348    3.70%
    520   401      180.7635     6      180.7639      174.0770   210077    3.70%
    522   423      175.6344   168      180.7639      174.0770   217268    3.70%
Elapsed time = 399.90 sec. (198544.72 ticks, tree = 19.06 MB, solutions = 9)
    523   402      175.5762   173      180.7639      174.0770   212463    3.70%
    526   403      175.9575   178      180.7639      174.5199   213639    3.45%
    529   427      175.4904   181      180.7639      174.5199   217863    3.45%
    534   434      176.0499   178      180.7639      174.6761   223905    3.37%
    539   449      176.6731   133      180.7639      174.6761   234560    3.37%
    541   450      178.4875   126      180.7639      174.6761   235721    3.37%
    545   459      177.2561   144      180.7639      174.8481   238823    3.27%
    549   443      176.1176   168      180.7639      174.8481   229269    3.27%
    553   464      178.2303   146      180.7639      174.8481   239578    3.27%
    559   474      177.4409   125      180.7639      174.8481   249585    3.27%
Elapsed time = 434.39 sec. (211766.46 ticks, tree = 21.61 MB, solutions = 10)
    564   468      177.2051   142      180.7639      174.8481   241600    3.27%
    572   468      179.6539   130      180.7639      174.8481   246579    3.27%
    577   482      177.6599   112      180.7639      174.8481   253134    3.27%
    582   486      178.7979   104      180.7639      174.8481   253845    3.27%
    592   491      179.9392    99      180.7639      174.8481   255446    3.27%
    602   488      180.1920   103      180.7639      174.8481   256723    3.27%
    609   491      180.3423    89      180.7639      174.8481   257587    3.27%
    615   509      176.5491   169      180.7639      174.8481   266414    3.27%
    620   505      178.1311    97      180.7639      174.8481   262190    3.27%
    630   509      179.1933    93      180.7639      174.8481   263160    3.27%
Elapsed time = 461.69 sec. (222603.01 ticks, tree = 23.56 MB, solutions = 10)
    635   512      178.8094    91      180.7639      174.8481   264794    3.27%
    642   519      178.6385    87      180.7639      174.8481   269793    3.27%
    649   524      178.9689    75      180.7639      174.8481   271072    3.27%
    655   530      178.0204   146      180.7639      174.8481   278207    3.27%
    659   534      178.8226   133      180.7639      174.8481   279268    3.27%
    662   537      179.0968   131      180.7639      174.8481   280416    3.27%
    672   542      179.4244   102      180.7639      174.8481   281279    3.27%
    680   540      178.0324   113      180.7639      174.8481   282441    3.27%
    694   553      177.8901   105      180.7639      174.8481   288172    3.27%
    705   573      179.3101    54      180.7639      174.8481   290315    3.27%
Elapsed time = 489.38 sec. (233426.81 ticks, tree = 26.92 MB, solutions = 10)
    713   545      180.1717   106      180.7639      174.8481   284697    3.27%
    720   548      179.8643   107      180.7639      174.8481   285768    3.27%
    732   564      178.1664    92      180.7639      174.8481   292622    3.27%
    739   587      180.0216    86      180.7639      174.8481   295802    3.27%
    746   594      180.5061    77      180.7639      174.8481   297059    3.27%
    759   635      179.3854    51      180.7639      174.8481   312282    3.27%
    779   620      178.3038    87      180.7639      174.8481   309754    3.27%
    805   624      178.6294    84      180.7639      174.8481   311267    3.27%
    813   629      179.0110    75      180.7639      174.8481   312637    3.27%
    859   730      179.9168    19      180.7639      174.8481   326767    3.27%
Elapsed time = 524.80 sec. (246867.89 ticks, tree = 35.45 MB, solutions = 10)
    929   758      180.4252     3      180.7639      174.8481   329556    3.27%
*   932+  745                          180.4308      174.8481             3.09%
    964   766      180.4535    91      180.4308      174.8516   340075    3.09%
   1015   705      177.0770   125      180.4308      174.8516   347247    3.09%
   1074   771      175.9699   167      180.4308      174.8516   356406    3.09%
   1107   825      177.8000   119      180.4308      174.9691   374201    3.03%
   1139   811        cutoff            180.4308      174.9691   370235    3.03%
   1172   860      178.3116   121      180.4308      175.3311   385374    2.83%
   1186   866      179.1392   146      180.4308      175.3594   392016    2.81%

Performing restart 1

Repeating presolve.
Tried aggregator 2 times.
MIP Presolve modified 819 coefficients.
Aggregator did 106 substitutions.
Reduced MIP has 163356 rows, 143610 columns, and 415421 nonzeros.
Reduced MIP has 22357 binaries, 0 generals, 0 SOSs, and 0 indicators.
Presolve time = 0.32 sec. (238.13 ticks)
Tried aggregator 1 time.
Reduced MIP has 163356 rows, 143610 columns, and 415421 nonzeros.
Reduced MIP has 22357 binaries, 0 generals, 0 SOSs, and 0 indicators.
Presolve time = 0.54 sec. (265.54 ticks)
Represolve time = 1.45 sec. (952.63 ticks)
   1189     0      175.3045   211      180.4308    Cuts: 1407   507385    2.81%
   1189     0      176.1758   177      180.4308    Cuts: 1601   510545    2.36%
   1189     0      176.6272   191      180.4308    Cuts: 1485   516816    2.11%
   1189     0      177.0365   214      180.4308    Cuts: 1324   518864    1.88%
   1189     0      177.1682   183      180.4308     Cuts: 958   521403    1.81%
   1189     0      177.2364   192      180.4308    Cuts: 1250   523765    1.77%
   1189     0      177.3019   205      180.4308    Cuts: 1095   525428    1.73%
   1189     0      177.3691   204      180.4308    Cuts: 1002   526773    1.70%
   1189     0      177.4197   215      180.4308    Cuts: 1265   528451    1.67%
   1189     0      177.4479   249      180.4308    Cuts: 1002   529669    1.65%
   1189     0      177.5064   216      180.4308     Cuts: 765   532024    1.62%
   1189     0      177.5577   229      180.4308    Cuts: 1420   534118    1.59%
   1189     0      177.5911   220      180.4308    Cuts: 1045   536083    1.57%
   1189     0      177.6302   232      180.4308     Cuts: 715   538355    1.55%
   1189     0      177.6465   229      180.4308     Cuts: 748   541041    1.54%
   1189     0      177.6579   274      180.4308    Cuts: 1154   542808    1.54%
   1189     0      177.6711   263      180.4308     Cuts: 767   544147    1.53%
   1189     0      177.6786   268      180.4308     Cuts: 466   545589    1.53%
   1189     0      177.6862   269      180.4308     Cuts: 693   546954    1.52%
   1189     0      177.6926   269      180.4308     Cuts: 414   547911    1.52%
   1189     0      177.6973   273      180.4308     Cuts: 417   548922    1.51%
   1189     2      177.6973   273      180.4308      177.6973   548922    1.51%
   1190     3      178.7280   211      180.4308      177.6980   554294    1.51%
Elapsed time = 1458.56 sec. (762136.67 ticks, tree = 0.02 MB, solutions = 11)
   1193     4      177.8909   211      180.4308      177.8630   561826    1.42%
   1196     3      179.5733   210      180.4308      177.8630   563566    1.42%
   1197     6      178.8395   204      180.4308      177.8630   564691    1.42%
   1199     5      177.9763   204      180.4308      177.8630   566068    1.42%
   1205     8      178.9631   202      180.4308      177.8630   567460    1.42%
   1206    11      179.4562   204      180.4308      177.8630   573510    1.42%
   1211     5      179.4659   197      180.4308      177.9790   567056    1.36%
   1213    13      179.4693   196      180.4308      177.9790   581697    1.36%
   1216    10      179.8067   183      180.4308      177.9790   580671    1.36%
   1219    15      179.8069   181      180.4308      177.9790   591213    1.36%
Elapsed time = 1643.57 sec. (829379.76 ticks, tree = 1.60 MB, solutions = 11)
   1230    17      179.6030   199      180.4308      177.9849   588429    1.36%
   1238    28      179.6107   191      180.4308      177.9849   612602    1.36%
   1246    30        cutoff            180.4308      177.9849   614806    1.36%
   1263    36      179.8567   176      180.4308      177.9849   621897    1.36%
   1267    38      179.8708   171      180.4308      177.9857   623315    1.36%
   1276    31      178.1141   207      180.4308      177.9871   617238    1.35%
   1290    39      178.1227   208      180.4308      178.0569   625940    1.32%
   1302    50      179.9782   139      180.4308      178.0569   637105    1.32%
   1317    51      179.9897   126      180.4308      178.0569   638080    1.32%
   1328    43      180.3157   107      180.4308      178.0569   633982    1.32%
Elapsed time = 1757.84 sec. (873680.80 ticks, tree = 2.63 MB, solutions = 11)
   1333    65        cutoff            180.4308      178.0569   648804    1.32%
   1341    58        cutoff            180.4308      178.0569   645973    1.32%
   1347    68      180.1267   100      180.4308      178.0569   651870    1.32%
   1349    41      178.3717   174      180.4308      178.0569   628633    1.32%
   1357    71        cutoff            180.4308      178.0569   658658    1.32%
   1363    79      180.2492   186      180.4308      178.0569   669144    1.32%
   1371    78      178.5020   141      180.4308      178.0569   656147    1.32%
   1379    79      178.7570   153      180.4308      178.1141   657413    1.28%
   1388    80      179.4074   164      180.4308      178.1141   672290    1.28%
   1393    79      179.7193   200      180.4308      178.1141   675404    1.28%
Elapsed time = 1891.71 sec. (916851.84 ticks, tree = 4.75 MB, solutions = 11)
   1395    81      179.7414   191      180.4308      178.1141   676635    1.28%
   1402    89      179.9745   147      180.4308      178.1141   682003    1.28%
   1406   103      179.6570   142      180.4308      178.1141   692302    1.28%
   1414   110      179.7788   117      180.4308      178.1141   693964    1.28%
   1418    92      179.7733   195      180.4308      178.1141   686834    1.28%
   1426    82      179.8520   175      180.4308      178.1141   678365    1.28%
   1434   111      180.0977   152      180.4308      178.1141   698122    1.28%
   1444   112      180.3189   153      180.4308      178.1141   699720    1.28%
   1455   113      180.1763   146      180.4308      178.1141   696905    1.28%
   1463   132      178.7356   200      180.4308      178.1141   705530    1.28%
Elapsed time = 2001.60 sec. (966410.36 ticks, tree = 8.18 MB, solutions = 11)
   1470   149      178.8889   121      180.4308      178.1141   714987    1.28%
   1474   152      179.8319   106      180.4308      178.1141   716612    1.28%
   1480   143      179.1461   163      180.4308      178.1141   711310    1.28%
   1482   152      180.0694   101      180.4308      178.1141   718928    1.28%
   1501   158      180.1014    73      180.4308      178.1141   721080    1.28%
   1517   154      180.0335   135      180.4308      178.1141   721206    1.28%
   1532   183      180.3848    56      180.4308      178.1141   732683    1.28%
   1544   175      180.2630    63      180.4308      178.1141   727095    1.28%
   1563   187      179.8230   139      180.4308      178.1141   729289    1.28%
   1576   186      179.5002   195      180.4308      178.3076   735910    1.18%
Elapsed time = 2120.03 sec. (1012799.08 ticks, tree = 11.82 MB, solutions = 11)
   1589   198      179.5183   185      180.4308      178.5146   748521    1.06%
   1616   207      179.9579    43      180.4308      178.5146   744733    1.06%
   1634   258      180.1170    34      180.4308      178.5238   765758    1.06%
   1654   267      180.2250    17      180.4308      178.5238   767068    1.06%
   1686   275      180.4093     8      180.4308      178.5238   768032    1.06%
   1707   211      178.5895   175      180.4308      178.5238   754366    1.06%
   1733   308      180.3346    26      180.4308      178.5238   777204    1.06%
   1753   293      180.1991    74      180.4308      178.5238   783367    1.06%
   1766   308      179.2222   124      180.4308      178.5855   794340    1.02%
   1780   330      180.0083    63      180.4308      178.5855   801308    1.02%
Elapsed time = 2229.15 sec. (1054189.11 ticks, tree = 16.41 MB, solutions = 11)
   1800   336        cutoff            180.4308      178.5855   802245    1.02%
   1831   362      179.0499   115      180.4308      178.6035   811009    1.01%
   1876   317      180.2600    41      180.4308      178.6035   790432    1.01%
   1893   376      179.6471    67      180.4308      178.6035   814463    1.01%
   1915   357      179.3795   168      180.4308      178.6035   805672    1.01%
   1938   358      179.6346   138      180.4308      178.6035   807354    1.01%
   1953   492      180.0716    31      180.4308      178.6035   840412    1.01%
   1970   446      180.1050    33      180.4308      178.6035   828211    1.01%
   1997   450      179.9460   114      180.4308      178.6035   833419    1.01%
   2006   457      180.0748   111      180.4308      178.6035   834986    1.01%
Elapsed time = 2335.24 sec. (1095099.66 ticks, tree = 24.46 MB, solutions = 11)
   2015   495      180.2533   112      180.4308      178.6086   846767    1.01%
   2028   508        cutoff            180.4308      178.7133   846620    0.95%
   2037   495      180.4145   184      180.4308      178.7133   849966    0.95%
   2050   549      179.8993    69      180.4308      178.7133   857026    0.95%
   2070   560      180.0104    49      180.4308      178.7537   858040    0.93%
   2097   613      180.2836    34      180.4308      178.7537   874271    0.93%
   2112   587      180.0217    65      180.4308      178.7537   870144    0.93%
   2128   602      180.1325    41      180.4308      178.7537   871681    0.93%
   2158   616      179.9200   113      180.4308      178.7571   886054    0.93%
   2179   619        cutoff            180.4308      178.7571   887915    0.93%
Elapsed time = 2441.85 sec. (1136028.72 ticks, tree = 33.19 MB, solutions = 11)
   2185   628      179.9247    70      180.4308      178.7571   882373    0.93%
   2211   688      180.0063    63      180.4308      178.8554   902725    0.87%
   2252   638      180.3873    58      180.4308      178.8907   891818    0.85%
   2293   728      180.0295    42      180.4308      178.8907   913986    0.85%
   2314   736      179.4022    98      180.4308      178.8908   921071    0.85%
   2334   749      179.6177    53      180.4308      178.8908   922897    0.85%
   2346   738      180.1109   138      180.4308      178.8908   931245    0.85%
   2358   763      179.9884    31      180.4308      178.8908   925251    0.85%
   2378   755      179.3804   198      180.4308      178.8908   936797    0.85%
   2395   848      180.4089    18      180.4308      178.8908   949836    0.85%
Elapsed time = 2551.14 sec. (1177692.86 ticks, tree = 46.51 MB, solutions = 11)
   2409   796      180.4199   117      180.4308      178.9564   946001    0.82%
   2425   855      180.0981    54      180.4308      178.9564   953703    0.82%
   2444   861      179.8540    46      180.4308      178.9564   955587    0.82%
   2469   847      180.3782    99      180.4308      178.9564   963328    0.82%
   2499   861        cutoff            180.4308      178.9564   971058    0.82%
   2517   901      180.3842    25      180.4308      178.9564   987640    0.82%
   2543   882      180.3479    72      180.4308      178.9564   982264    0.82%
   2565   916      180.3816    64      180.4308      178.9564   994633    0.82%
   2586   921      179.6065    81      180.4308      178.9812  1004892    0.80%
   2606   943      180.3419    74      180.4308      178.9812  1011338    0.80%
Elapsed time = 2657.68 sec. (1219811.59 ticks, tree = 51.55 MB, solutions = 11)
   2631   971      180.4264   100      180.4308      179.0233  1023514    0.78%
   2654   960      180.3000    27      180.4308      179.0233  1009025    0.78%
   2680   987      180.1698    85      180.4308      179.0460  1028581    0.77%
   2706   977      179.6972    81      180.4308      179.0460  1029468    0.77%
   2714  1040      179.7093    87      180.4308      179.0460  1046077    0.77%
   2734   938      180.1029   177      180.4308      179.0460  1020211    0.77%
   2751  1027      180.0230   182      180.4308      179.1103  1042611    0.73%
   2779  1048      179.7636    52      180.4308      179.1424  1058523    0.71%
   2817  1073      180.2356    36      180.4308      179.1561  1050196    0.71%
   2824  1065      179.8707    35      180.4308      179.1561  1060087    0.71%
Elapsed time = 2768.54 sec. (1262267.85 ticks, tree = 56.81 MB, solutions = 11)
   2852  1069      179.7201    54      180.4308      179.1580  1076513    0.71%
   2902  1081      179.8423    37      180.4308      179.1603  1078043    0.70%
   2921  1097      180.0834    21      180.4308      179.1603  1079562    0.70%
   2933  1112      180.0681   100      180.4308      179.1603  1085226    0.70%
   2970  1222      180.3632    46      180.4308      179.1603  1110045    0.70%
   3003  1212      180.4294    60      180.4308      179.1603  1106101    0.70%
   3016  1223      180.1565    65      180.4308      179.1603  1118108    0.70%
   3058  1217      179.8899    92      180.4308      179.1871  1109292    0.69%
   3095  1223        cutoff            180.4308      179.1871  1110972    0.69%
   3122  1249      179.9148   113      180.4308      179.2136  1123423    0.67%
Elapsed time = 2872.75 sec. (1302645.30 ticks, tree = 66.56 MB, solutions = 11)
   3147  1276      180.3665    37      180.4308      179.2136  1129967    0.67%
   3176  1296      180.4005    82      180.4308      179.2136  1140013    0.67%
   3203  1320      180.3274    61      180.4308      179.2429  1149754    0.66%
   3229  1333      180.3792    42      180.4308      179.2429  1150556    0.66%
   3252  1396      180.4139    82      180.4308      179.2558  1168712    0.65%
   3281  1404      180.4056    61      180.4308      179.2558  1161355    0.65%
   3301  1343        cutoff            180.4308      179.2595  1159633    0.65%
   3320  1421      180.4033    81      180.4308      179.2595  1183209    0.65%
   3357  1423      180.2598    34      180.4308      179.2621  1176380    0.65%
   3369  1424      180.1081    80      180.4308      179.2621  1177557    0.65%
Elapsed time = 2973.25 sec. (1341945.40 ticks, tree = 75.89 MB, solutions = 11)
   3385  1477      180.4134    60      180.4308      179.2834  1207068    0.64%
   3396  1484      180.2226   134      180.4308      179.2922  1216440    0.63%
   3407  1488      180.3491    95      180.4308      179.2922  1218371    0.63%
   3422  1488      179.8732    64      180.4308      179.2922  1220384    0.63%
   3446  1492      180.0744   103      180.4308      179.2922  1233954    0.63%
   3480  1493      180.2150    98      180.4308      179.2922  1234760    0.63%
   3513  1497      180.3968    77      180.4308      179.3213  1236789    0.61%
   3564  1508      180.0187    42      180.4308      179.3213  1231287    0.61%
   3596  1515      180.3815    63      180.4308      179.3213  1248696    0.61%
   3659  1568      180.3542    35      180.4308      179.3650  1254427    0.59%
Elapsed time = 3082.11 sec. (1383627.16 ticks, tree = 82.24 MB, solutions = 11)
   3702  1595      180.2627    41      180.4308      179.3689  1259622    0.59%
   3735  1627      180.1021    83      180.4308      179.3689  1278947    0.59%
   3760  1676      180.0339    75      180.4308      179.3746  1284828    0.59%
   3814  1641      180.2307    42      180.4308      179.3746  1280021    0.59%
   3850  1645      180.0963   102      180.4308      179.3746  1283453    0.59%
   3862  1690      179.9575    79      180.4308      179.3746  1304150    0.59%
   3891  1696        cutoff            180.4308      179.3811  1292618    0.58%
   3936  1789      179.9944    39      180.4308      179.3872  1324595    0.58%
   3991  1802      180.3058    25      180.4308      179.3872  1326243    0.58%
   4018  1805      179.7699    67      180.4308      179.3872  1328398    0.58%
Elapsed time = 3191.92 sec. (1425156.99 ticks, tree = 94.94 MB, solutions = 11)
   4047  1815      180.1079    53      180.4308      179.3872  1329965    0.58%
   4096  1821      180.2397    49      180.4308      179.4397  1336129    0.55%
   4144  1837      180.3224    86      180.4308      179.4397  1337942    0.55%
   4162  1831      179.9706   109      180.4308      179.4397  1333811    0.55%
   4207  1860      180.1782    41      180.4308      179.4676  1351441    0.53%
   4234  1933      180.2772    84      180.4308      179.4734  1367539    0.53%
   4265  2006        cutoff            180.4308      179.4830  1385016    0.53%
   4277  1949      180.3741    99      180.4308      179.4830  1378077    0.53%
   4297  1969      180.1878    28      180.4308      179.4830  1383946    0.53%
   4317  1982      180.3767    21      180.4308      179.4849  1385144    0.52%
Elapsed time = 3299.46 sec. (1467040.50 ticks, tree = 103.13 MB, solutions = 11)
   4350  2046      179.8958    77      180.4308      179.4980  1404082    0.52%
   4385  2054      180.0009    54      180.4308      179.4980  1405128    0.52%
   4419  2067      180.1472    40      180.4308      179.4989  1406610    0.52%
   4462  2071        cutoff            180.4308      179.4989  1408664    0.52%
   4484  2072      180.3127    28      180.4308      179.4989  1425440    0.52%
   4525  2092      180.0966    49      180.4308      179.5032  1441931    0.51%
   4558  2104      180.0496    61      180.4308      179.5349  1443898    0.50%
   4592  2118      180.0864    75      180.4308      179.5349  1445963    0.50%
   4616  2156      180.4260   133      180.4308      179.5530  1461940    0.49%
   4640  2135      180.3992    70      180.4308      179.5530  1460333    0.49%
Elapsed time = 3405.26 sec. (1507454.28 ticks, tree = 111.11 MB, solutions = 11)
   4679  2132        cutoff            180.4308      179.5689  1451304    0.48%
   4720  2191      180.2059    42      180.4308      179.5689  1481093    0.48%
   4767  2224      179.9957    55      180.4308      179.5881  1494548    0.47%
   4829  2204      180.2704    96      180.4308      179.5881  1485007    0.47%
   4875  2252      180.3146    51      180.4308      179.5952  1498148    0.46%
*  4930+ 2298                          180.3237      179.5952             0.40%
   4934  2233      180.2745    47      180.3237      179.5952  1487904    0.40%
*  4945  1764      integral     0      180.3236      179.5952  1510239    0.40%
   4988  2333      180.1201    42      180.3236      179.6001  1510986    0.40%
   5010  2338      180.2270    39      180.3236      179.6001  1512034    0.40%
   5058  1811        cutoff            180.3236      179.6001  1533169    0.40%
   5083  2346      180.3620    77      180.3236      179.6001  1515534    0.40%
Elapsed time = 3508.60 sec. (1545944.18 ticks, tree = 122.33 MB, solutions = 13)
   5104  2351      180.2343    45      180.3236      179.6001  1517436    0.40%
   5151  1838      180.2698    36      180.3236      179.6001  1543126    0.40%
   5156  1838      180.2835   153      180.3236      179.6001  1544915    0.40%
   5189  1832      179.8961    49      180.3236      179.6001  1562100    0.40%
   5246  1857      180.2104    42      180.3236      179.6550  1571572    0.37%
   5280  1849      179.9863    43      180.3236      179.6550  1565723    0.37%
   5313  1859      180.2958    31      180.3236      179.6714  1567275    0.36%
   5363  1913      180.1530    73      180.3236      179.6866  1589893    0.35%
   5385  1889      180.0634    40      180.3236      179.6866  1572871    0.35%
   5415  1937      180.3199    44      180.3236      179.6866  1592440    0.35%
Elapsed time = 3608.25 sec. (1585414.74 ticks, tree = 98.67 MB, solutions = 13)
*  5430+ 1878                          180.3103      179.6900             0.34%
   5432  1958      180.1957    31      180.3103      179.6900  1595381    0.34%
   5452  1974      179.9565    40      180.3103      179.6900  1604063    0.34%
*  5472+ 1890                          180.3031      179.7003             0.33%
   5473  1985      180.2859    31      180.3031      179.7003  1605913    0.33%
   5514  1871        cutoff            180.3031      179.7104  1612561    0.33%
*  5537+ 1958                          180.3031      179.7104             0.33%
   5537  1960      180.2266    27      180.3031      179.7104  1595714    0.33%
   5568  1876      180.3002    32      180.3031      179.7224  1617190    0.32%
   5615  1854      180.3010    52      180.3031      179.7269  1628082    0.32%
   5657  1926        cutoff            180.3031      179.7269  1614711    0.32%
   5695  1857      179.9515    40      180.3031      179.8020  1631194    0.28%
   5745  1845      180.0058    46      180.3031      179.8020  1646714    0.28%
Elapsed time = 3705.45 sec. (1625263.50 ticks, tree = 94.67 MB, solutions = 19)
   5812  1858        cutoff            180.3031      179.8020  1634774    0.28%
   5865  1861      179.9510    38      180.3031      179.8034  1650067    0.28%
   5908  1838        cutoff            180.3031      179.8034  1641727    0.28%
   5942  1876      180.2847    20      180.3031      179.8034  1651937    0.28%
   5994  1908        cutoff            180.3031      179.8101  1681156    0.27%
   6032  1860        cutoff            180.3031      179.8101  1657588    0.27%
   6101  1888      180.2275    18      180.3031      179.8164  1668610    0.27%
   6157  1909      180.1874    33      180.3031      179.8430  1693534    0.26%
   6196  1902      180.1500    43      180.3031      179.8430  1688675    0.26%
   6261  1933        cutoff            180.3031      179.8731  1716006    0.24%
Elapsed time = 3808.64 sec. (1665084.38 ticks, tree = 97.89 MB, solutions = 19)
   6315  1949        cutoff            180.3031      179.8792  1722243    0.24%
   6346  1904        cutoff            180.3031      179.8792  1734153    0.24%
   6381  1910      180.1142    46      180.3031      179.8792  1730169    0.24%
   6437  1928      180.2113    41      180.3031      179.8792  1731494    0.24%
   6495  1951        cutoff            180.3031      179.8792  1713805    0.24%
   6535  1906      180.1905    37      180.3031      179.9297  1753052    0.21%
   6581  1870        cutoff            180.3031      179.9297  1762391    0.21%
   6607  1858        cutoff            180.3031      179.9297  1765259    0.21%
   6650  1911      180.1216    47      180.3031      179.9391  1758575    0.20%
   6711  1921        cutoff            180.3031      179.9391  1760225    0.20%
Elapsed time = 3912.96 sec. (1703745.00 ticks, tree = 96.98 MB, solutions = 19)
   6754  1925      180.2462    25      180.3031      179.9391  1762119    0.20%
   6790  1837      180.2808    22      180.3031      179.9589  1777715    0.19%
   6843  1854      180.2056    39      180.3031      179.9704  1803848    0.18%
   6889  1851        cutoff            180.3031      179.9704  1805768    0.18%
   6929  1804        cutoff            180.3031      179.9767  1822966    0.18%
   6968  1863      180.2208    43      180.3031      179.9767  1803815    0.18%
   7008  1813        cutoff            180.3031      179.9767  1822862    0.18%
   7058  1777      180.2691    21      180.3031      179.9971  1834771    0.17%
   7104  1809      180.1842    21      180.3031      179.9971  1830836    0.17%
   7183  1747        cutoff            180.3031      180.0020  1858058    0.17%
Elapsed time = 4009.67 sec. (1742332.97 ticks, tree = 87.03 MB, solutions = 19)
   7227  1785      180.2963    41      180.3031      180.0020  1840342    0.17%
   7286  1720        cutoff            180.3031      180.0262  1875676    0.15%
   7331  1723      180.2543    56      180.3031      180.0262  1877646    0.15%
   7379  1763      180.1167    28      180.3031      180.0262  1863046    0.15%
   7445  1739      180.1092    30      180.3031      180.0262  1879105    0.15%
   7513  1695        cutoff            180.3031      180.0348  1890191    0.15%
   7568  1725        cutoff            180.3031      180.0502  1910398    0.14%
   7619  1725        cutoff            180.3031      180.0502  1914248    0.14%
   7693  1732      180.2709    39      180.3031      180.0637  1916074    0.13%
   7765  1739        cutoff            180.3031      180.0639  1921944    0.13%
Elapsed time = 4112.41 sec. (1781647.32 ticks, tree = 86.29 MB, solutions = 19)
   7807  1702      180.1592    21      180.3031      180.0639  1937385    0.13%
   7849  1713      180.2405    20      180.3031      180.0639  1936922    0.13%
   7905  1697        cutoff            180.3031      180.0799  1944993    0.12%
   7943  1681      180.2177    22      180.3031      180.0799  1961106    0.12%
   7983  1664      180.1980    16      180.3031      180.0799  1965379    0.12%
   8067  1661      180.2511    11      180.3031      180.0978  1971579    0.11%
*  8108+ 1666                          180.3007      180.1007             0.11%
   8122  1609        cutoff            180.3007      180.1042  1986256    0.11%
   8196  1615      180.2995    47      180.3007      180.1084  1989705    0.11%
   8246  1583        cutoff            180.3007      180.1148  2001447    0.10%
   8306  1568      180.2914    24      180.3007      180.1236  2007072    0.10%
Elapsed time = 4214.92 sec. (1820319.71 ticks, tree = 76.39 MB, solutions = 20)
   8374  1520        cutoff            180.3007      180.1236  2018647    0.10%
   8416  1499        cutoff            180.3007      180.1408  2032091    0.09%
   8485  1515        cutoff            180.3007      180.1421  2021644    0.09%
   8526  1498      180.2928    24      180.3007      180.1510  2039467    0.08%
   8552  1456        cutoff            180.3007      180.1531  2048890    0.08%
   8588  1484      180.2135    35      180.3007      180.1531  2043836    0.08%
   8631  1419        cutoff            180.3007      180.1538  2055149    0.08%
   8716  1361        cutoff            180.3007      180.1703  2067865    0.07%
   8782  1310      180.2815    18      180.3007      180.1785  2075857    0.07%
   8848  1278        cutoff            180.3007      180.1794  2078954    0.07%
Elapsed time = 4315.32 sec. (1859253.40 ticks, tree = 60.34 MB, solutions = 20)
   8910  1220        cutoff            180.3007      180.1884  2090038    0.06%
   8967  1188        cutoff            180.3007      180.1884  2095065    0.06%
   9005  1261        cutoff            180.3007      180.1884  2085146    0.06%
   9065  1146        cutoff            180.3007      180.2017  2101635    0.05%
   9101  1128      180.2999    11      180.3007      180.2028  2113928    0.05%
   9141  1091        cutoff            180.3007      180.2064  2119746    0.05%
   9221  1067      180.2616    24      180.3007      180.2116  2126613    0.05%
   9285  1071      180.2925    12      180.3007      180.2116  2127696    0.05%
   9349   999        cutoff            180.3007      180.2128  2134152    0.05%
   9437   879        cutoff            180.3007      180.2277  2152413    0.04%
Elapsed time = 4413.80 sec. (1898163.82 ticks, tree = 38.09 MB, solutions = 20)
   9513   838        cutoff            180.3007      180.2306  2158673    0.04%
   9594   818        cutoff            180.3007      180.2337  2160596    0.04%
   9673   746      180.2775    25      180.3007      180.2420  2171496    0.03%
   9777   660        cutoff            180.3007      180.2482  2178231    0.03%
   9851   635    infeasible            180.3007      180.2526  2182051    0.03%
   9934   556      180.2973    28      180.3007      180.2581  2189775    0.02%
  10023   510        cutoff            180.3007      180.2633  2196215    0.02%
  10141   370        cutoff            180.3007      180.2718  2206685    0.02%
  10239   274        cutoff            180.3007      180.2816  2213664    0.01%

Clique cuts applied:  47
Cover cuts applied:  1
Implied bound cuts applied:  638
Flow cuts applied:  147
Mixed integer rounding cuts applied:  767
Gomory fractional cuts applied:  163

Root node processing (before b&c):
  Real time             =  228.38 sec. (131690.99 ticks)
Parallel b&c, 4 threads:
  Real time             = 4273.54 sec. (1801040.95 ticks)
  Sync time (average)   =  288.71 sec.
  Wait time (average)   =    0.11 sec.
                          ------------
Total (root+branch&cut) = 4501.92 sec. (1932731.94 ticks)

Solution pool: 20 solutions saved.

MIP - Integer optimal, tolerance (0.0001/1e-06):  Objective =  1.8030065567e+02
Current MIP best bound =  1.8028286713e+02 (gap = 0.0177885, 0.01%)
Solution time = 4501.93 sec.  Iterations = 2213675  Nodes = 10240 (271)
Deterministic time = 1932732.80 ticks  (429.31 ticks/sec)

New value for memory available for working storage (in megabytes): 12500

Problem 't2.lp' read.
Read time = 0.97 sec. (69.66 ticks)
Version identifier: 22.1.1.0 | 2022-11-28 | 9160aff4d
CPXPARAM_WorkMem                                 12500
Tried aggregator 3 times.
MIP Presolve eliminated 519122 rows and 123492 columns.
MIP Presolve modified 1035 coefficients.
Aggregator did 32596 substitutions.
Reduced MIP has 164907 rows, 145161 columns, and 417796 nonzeros.
Reduced MIP has 22357 binaries, 0 generals, 0 SOSs, and 0 indicators.
Presolve time = 0.93 sec. (797.12 ticks)
Found incumbent of value 511.756794 after 1.65 sec. (1378.82 ticks)
Probing fixed 0 vars, tightened 44463 bounds.
Probing time = 0.38 sec. (492.56 ticks)
Tried aggregator 2 times.
Detecting symmetries...
MIP Presolve modified 66678 coefficients.
Aggregator did 1445 substitutions.
Reduced MIP has 163462 rows, 143716 columns, and 416125 nonzeros.
Reduced MIP has 22357 binaries, 0 generals, 0 SOSs, and 0 indicators.
Presolve time = 0.62 sec. (317.96 ticks)
Probing time = 0.11 sec. (15.36 ticks)
Clique table members: 481.
MIP emphasis: balance optimality and feasibility.
MIP search method: dynamic search.
Parallel mode: deterministic, using up to 4 threads.
Root relaxation solution time = 6.05 sec. (4663.19 ticks)

        Nodes                                         Cuts/
   Node  Left     Objective  IInf  Best Integer    Best Bound    ItCnt     Gap

*     0+    0                          511.7568     -832.5568           262.69%
      0     0      150.9354   129      511.7568      150.9354    44901   70.51%
      0     0      165.7352   131      511.7568    Cuts: 1563    48450   67.61%
      0     0      171.6513   151      511.7568     Cuts: 506    50719   66.46%
      0     0      172.3195   176      511.7568     Cuts: 271    51664   66.33%
      0     0      172.5367   174      511.7568     Cuts: 173    52539   66.29%
      0     0      172.7710   190      511.7568     Cuts: 152    53444   66.24%
Detecting symmetries...
      0     0      172.8864   184      511.7568     Cuts: 163    54122   66.22%
      0     0      172.9898   196      511.7568     Cuts: 227    55018   66.20%
      0     0      173.0484   210      511.7568     Cuts: 150    55683   66.19%
      0     0      173.1128   190      511.7568     Cuts: 137    56288   66.17%
      0     0      173.1613   213      511.7568     Cuts: 134    56896   66.16%
      0     0      173.1946   217      511.7568     Cuts: 217    57700   66.16%
      0     0      173.2198   218      511.7568     Cuts: 200    58707   66.15%
*     0+    0                          180.9748      173.2198             4.29%
      0     0      173.3006   207      180.9748     Cuts: 250    59472    4.24%
      0     0      173.3279   212      180.9748     Cuts: 196    59910    4.23%
      0     0      173.3403   211      180.9748     Cuts: 158    60780    4.22%
      0     0      173.3737   206      180.9748     Cuts: 156    62274    4.20%
*     0+    0                          180.9748      173.3737             4.20%
      0     0      173.3806   211      180.9748     Cuts: 778    65021    4.20%
Heuristic still looking.
Heuristic still looking.
Detecting symmetries...
      0     2      173.3806   211      180.9748      173.3806    65021    4.20%
Elapsed time = 228.54 sec. (131743.85 ticks, tree = 0.02 MB, solutions = 3)
      1     3      174.4710   200      180.9748      173.3835    67835    4.19%
      2     3      174.0314   196      180.9748      173.3835    67484    4.19%
      3     4      174.5112   198      180.9748      173.3835    67836    4.19%
      5     5      174.0770   195      180.9748      174.0535    70413    3.82%
      6     6      174.9687   184      180.9748      174.0535    71825    3.82%
      8     7      175.8103   174      180.9748      174.0715    72669    3.81%
      9    11      175.9061   164      180.9748      174.0770    77193    3.81%
     11    12      176.0571   140      180.9748      174.0770    77415    3.81%
     12    10      175.2219   151      180.9748      174.0770    73951    3.81%
     16     8      174.5748   183      180.9748      174.0770    73452    3.81%
Elapsed time = 260.99 sec. (144745.70 ticks, tree = 0.07 MB, solutions = 3)
     21    21      176.6094   148      180.9748      174.0770    84885    3.81%
     25    23      176.0824   149      180.9748      174.0770    86289    3.81%
     29    26      177.0048   139      180.9748      174.0770    88008    3.81%
     34    30      176.8407   139      180.9748      174.0770    91037    3.81%
     40    35      175.9150   131      180.9748      174.0770    93792    3.81%
     44    39      177.7509   123      180.9748      174.0770    95827    3.81%
     51    41      178.0672   124      180.9748      174.0770    98269    3.81%
     60    52      177.0753   116      180.9748      174.0770   100889    3.81%
     66    55      178.5725   119      180.9748      174.0770   102176    3.81%
     69    52      178.4022   126      180.9748      174.0770   103737    3.81%
Elapsed time = 292.71 sec. (156523.60 ticks, tree = 1.58 MB, solutions = 3)
     74    63      177.1920   111      180.9748      174.0770   109700    3.81%
     78    74      177.3147   116      180.9748      174.0770   115779    3.81%
     82    79      177.3211   116      180.9748      174.0770   120757    3.81%
     89    85      177.4103   109      180.9748      174.0770   124531    3.81%
     93    90      177.4448   118      180.9748      174.0770   128345    3.81%
    101    89      177.2352   119      180.9748      174.0770   127526    3.81%
    116    92      177.2545   113      180.9748      174.0770   128525    3.81%
    128   104      177.6140    95      180.9748      174.0770   135344    3.81%
    140   116      177.7713   104      180.9748      174.0770   142782    3.81%
    154   120      179.9873    97      180.9748      174.0770   144293    3.81%
Elapsed time = 324.71 sec. (167425.28 ticks, tree = 3.80 MB, solutions = 3)
    169   125      178.1353    94      180.9748      174.0770   145625    3.81%
    183   148      178.2720    72      180.9748      174.0770   151908    3.81%
    197   153      179.2278    77      180.9748      174.0770   153212    3.81%
    208   165      180.3140    87      180.9748      174.0770   157232    3.81%
    219   179      178.7442    81      180.9748      174.0770   160954    3.81%
    223   196      178.8716    79      180.9748      174.0770   165757    3.81%
    230   207      178.4886    66      180.9748      174.0770   169540    3.81%
    241   211      180.2495    68      180.9748      174.0770   170927    3.81%
    251   224      179.2027    76      180.9748      174.0770   174119    3.81%
    267   237      179.1366    71      180.9748      174.0770   176976    3.81%
Elapsed time = 353.13 sec. (177577.26 ticks, tree = 9.54 MB, solutions = 3)
    283   237      180.1831    61      180.9748      174.0770   176725    3.81%
    296   265      179.7865    69      180.9748      174.0770   185045    3.81%
    310   270        cutoff            180.9748      174.0770   186325    3.81%
    318   241      180.2067    55      180.9748      174.0770   177185    3.81%
    339   264      179.1898    40      180.9748      174.0770   183645    3.81%
    359   288      180.5185    46      180.9748      174.0770   189493    3.81%
    373   306      180.2592    42      180.9748      174.0770   193514    3.81%
    392   304      180.8629    32      180.9748      174.0770   189918    3.81%
*   407+  311                          180.9662      174.0770             3.81%
    416   318      179.8712    33      180.9662      174.0770   195391    3.81%
*   417+  311                          180.9662      174.0770             3.81%
    427   338      180.0834    40      180.9662      174.0770   199779    3.81%
Elapsed time = 379.92 sec. (187860.78 ticks, tree = 14.75 MB, solutions = 5)
    434   345      180.9080    40      180.9662      174.0770   201569    3.81%
*   438+  317                          180.7670      174.0770             3.70%
    444   351      180.5992    27      180.7670      174.0770   202088    3.70%
    457   358      179.9157    29      180.7670      174.0770   204712    3.70%
*   458+  355                          180.7651      174.0770             3.70%
    459   385      180.4077    31      180.7651      174.0770   207352    3.70%
    477   393      180.5417    20      180.7651      174.0770   208458    3.70%
*   486+  392                          180.7639      174.0770             3.70%
    488   378      180.6306    12      180.7639      174.0770   205838    3.70%
    494   420      180.6655     8      180.7639      174.0770   211668    3.70%
    509   427      180.7583     3      180.7639      174.0770   212348    3.70%
    520   401      180.7635     6      180.7639      174.0770   210077    3.70%
    522   423      175.6344   168      180.7639      174.0770   217268    3.70%
Elapsed time = 409.12 sec. (198544.72 ticks, tree = 19.06 MB, solutions = 9)
    523   402      175.5762   173      180.7639      174.0770   212463    3.70%
    526   403      175.9575   178      180.7639      174.5199   213639    3.45%
    529   427      175.4904   181      180.7639      174.5199   217863    3.45%
    534   434      176.0499   178      180.7639      174.6761   223905    3.37%
    539   449      176.6731   133      180.7639      174.6761   234560    3.37%
    541   450      178.4875   126      180.7639      174.6761   235721    3.37%
    545   459      177.2561   144      180.7639      174.8481   238823    3.27%
    549   443      176.1176   168      180.7639      174.8481   229269    3.27%
    553   464      178.2303   146      180.7639      174.8481   239578    3.27%
    559   474      177.4409   125      180.7639      174.8481   249585    3.27%
Elapsed time = 442.85 sec. (211766.46 ticks, tree = 21.61 MB, solutions = 10)
    564   468      177.2051   142      180.7639      174.8481   241600    3.27%
    572   468      179.6539   130      180.7639      174.8481   246579    3.27%
    577   482      177.6599   112      180.7639      174.8481   253134    3.27%
    582   486      178.7979   104      180.7639      174.8481   253845    3.27%
    592   491      179.9392    99      180.7639      174.8481   255446    3.27%
    602   488      180.1920   103      180.7639      174.8481   256723    3.27%
    609   491      180.3423    89      180.7639      174.8481   257587    3.27%
    615   509      176.5491   169      180.7639      174.8481   266414    3.27%
    620   505      178.1311    97      180.7639      174.8481   262190    3.27%
    630   509      179.1933    93      180.7639      174.8481   263160    3.27%
Elapsed time = 470.16 sec. (222603.01 ticks, tree = 23.56 MB, solutions = 10)
    635   512      178.8094    91      180.7639      174.8481   264794    3.27%
    642   519      178.6385    87      180.7639      174.8481   269793    3.27%
    649   524      178.9689    75      180.7639      174.8481   271072    3.27%
    655   530      178.0204   146      180.7639      174.8481   278207    3.27%
    659   534      178.8226   133      180.7639      174.8481   279268    3.27%
    662   537      179.0968   131      180.7639      174.8481   280416    3.27%
    672   542      179.4244   102      180.7639      174.8481   281279    3.27%
    680   540      178.0324   113      180.7639      174.8481   282441    3.27%
    694   553      177.8901   105      180.7639      174.8481   288172    3.27%
    705   573      179.3101    54      180.7639      174.8481   290315    3.27%
Elapsed time = 500.15 sec. (233426.81 ticks, tree = 26.92 MB, solutions = 10)
    713   545      180.1717   106      180.7639      174.8481   284697    3.27%
    720   548      179.8643   107      180.7639      174.8481   285768    3.27%
    732   564      178.1664    92      180.7639      174.8481   292622    3.27%
    739   587      180.0216    86      180.7639      174.8481   295802    3.27%
    746   594      180.5061    77      180.7639      174.8481   297059    3.27%
    759   635      179.3854    51      180.7639      174.8481   312282    3.27%
    779   620      178.3038    87      180.7639      174.8481   309754    3.27%
    805   624      178.6294    84      180.7639      174.8481   311267    3.27%
    813   629      179.0110    75      180.7639      174.8481   312637    3.27%
    859   730      179.9168    19      180.7639      174.8481   326767    3.27%
Elapsed time = 540.51 sec. (246867.89 ticks, tree = 35.45 MB, solutions = 10)
    929   758      180.4252     3      180.7639      174.8481   329556    3.27%
*   932+  745                          180.4308      174.8481             3.09%
    964   766      180.4535    91      180.4308      174.8516   340075    3.09%
   1015   705      177.0770   125      180.4308      174.8516   347247    3.09%
   1074   771      175.9699   167      180.4308      174.8516   356406    3.09%
   1107   825      177.8000   119      180.4308      174.9691   374201    3.03%
   1139   811        cutoff            180.4308      174.9691   370235    3.03%
   1172   860      178.3116   121      180.4308      175.3311   385374    2.83%
   1186   866      179.1392   146      180.4308      175.3594   392016    2.81%

Performing restart 1

Repeating presolve.
Tried aggregator 2 times.
MIP Presolve modified 819 coefficients.
Aggregator did 106 substitutions.
Reduced MIP has 163356 rows, 143610 columns, and 415421 nonzeros.
Reduced MIP has 22357 binaries, 0 generals, 0 SOSs, and 0 indicators.
Presolve time = 0.32 sec. (238.13 ticks)
Tried aggregator 1 time.
Reduced MIP has 163356 rows, 143610 columns, and 415421 nonzeros.
Reduced MIP has 22357 binaries, 0 generals, 0 SOSs, and 0 indicators.
Presolve time = 0.54 sec. (265.54 ticks)
Represolve time = 1.44 sec. (952.63 ticks)
   1189     0      175.3045   211      180.4308    Cuts: 1407   507385    2.81%
   1189     0      176.1758   177      180.4308    Cuts: 1601   510545    2.36%
   1189     0      176.6272   191      180.4308    Cuts: 1485   516816    2.11%
   1189     0      177.0365   214      180.4308    Cuts: 1324   518864    1.88%
   1189     0      177.1682   183      180.4308     Cuts: 958   521403    1.81%
   1189     0      177.2364   192      180.4308    Cuts: 1250   523765    1.77%
   1189     0      177.3019   205      180.4308    Cuts: 1095   525428    1.73%
   1189     0      177.3691   204      180.4308    Cuts: 1002   526773    1.70%
   1189     0      177.4197   215      180.4308    Cuts: 1265   528451    1.67%
   1189     0      177.4479   249      180.4308    Cuts: 1002   529669    1.65%
   1189     0      177.5064   216      180.4308     Cuts: 765   532024    1.62%
   1189     0      177.5577   229      180.4308    Cuts: 1420   534118    1.59%
   1189     0      177.5911   220      180.4308    Cuts: 1045   536083    1.57%
   1189     0      177.6302   232      180.4308     Cuts: 715   538355    1.55%
   1189     0      177.6465   229      180.4308     Cuts: 748   541041    1.54%
   1189     0      177.6579   274      180.4308    Cuts: 1154   542808    1.54%
   1189     0      177.6711   263      180.4308     Cuts: 767   544147    1.53%
   1189     0      177.6786   268      180.4308     Cuts: 466   545589    1.53%
   1189     0      177.6862   269      180.4308     Cuts: 693   546954    1.52%
   1189     0      177.6926   269      180.4308     Cuts: 414   547911    1.52%
   1189     0      177.6973   273      180.4308     Cuts: 417   548922    1.51%
   1189     2      177.6973   273      180.4308      177.6973   548922    1.51%
   1190     3      178.7280   211      180.4308      177.6980   554294    1.51%
Elapsed time = 1475.41 sec. (762136.67 ticks, tree = 0.02 MB, solutions = 11)
   1193     4      177.8909   211      180.4308      177.8630   561826    1.42%
   1196     3      179.5733   210      180.4308      177.8630   563566    1.42%
   1197     6      178.8395   204      180.4308      177.8630   564691    1.42%
   1199     5      177.9763   204      180.4308      177.8630   566068    1.42%
   1205     8      178.9631   202      180.4308      177.8630   567460    1.42%
   1206    11      179.4562   204      180.4308      177.8630   573510    1.42%
   1211     5      179.4659   197      180.4308      177.9790   567056    1.36%
   1213    13      179.4693   196      180.4308      177.9790   581697    1.36%
   1216    10      179.8067   183      180.4308      177.9790   580671    1.36%

Clique cuts applied:  47
Implied bound cuts applied:  558
Flow cuts applied:  144
Mixed integer rounding cuts applied:  744
Gomory fractional cuts applied:  155

Root node processing (before b&c):
  Real time             =  228.34 sec. (131672.88 ticks)
Parallel b&c, 4 threads:
  Real time             = 1411.76 sec. (695661.49 ticks)
  Sync time (average)   =  103.51 sec.
  Wait time (average)   =    0.11 sec.
                          ------------
Total (root+branch&cut) = 1640.11 sec. (827334.37 ticks)

Solution pool: 11 solutions saved.

MIP - Aborted, integer feasible:  Objective =  1.8043076707e+02
Current MIP best bound =  1.7798493965e+02 (gap = 2.44583, 1.36%)
Solution time = 1640.12 sec.  Iterations = 606291  Nodes = 1218 (22)
Deterministic time = 827335.23 ticks  (504.43 ticks/sec)

